0 info it worked if it ends with ok
1 verbose cli [ 'C:\\Program Files\\nodejs\\node.exe',
1 verbose cli   'C:\\Program Files\\nodejs\\node_modules\\npm\\bin\\npm-cli.js',
1 verbose cli   'i',
1 verbose cli   '­­save­dev',
1 verbose cli   'gulp',
1 verbose cli   'browser­sync' ]
2 info using npm@2.14.4
3 info using node@v4.1.1
4 verbose install initial load of F:\webdir\dz1\package.json
5 warn package.json site@ No description
6 warn package.json site@ No repository field.
7 warn package.json site@ No README data
8 warn package.json site@ No license field.
9 verbose installManyTop reading scoped package data from F:\webdir\dz1\node_modules\gulp\package.json
10 verbose installManyTop reading scoped package data from F:\webdir\dz1\node_modules\gulp-google-cdn\package.json
11 verbose installManyTop reading scoped package data from F:\webdir\dz1\node_modules\main-bower-files\package.json
12 verbose readDependencies loading dependencies from F:\webdir\dz1\package.json
13 silly cache add args [ '­­save­dev', null ]
14 verbose cache add spec ­­save­dev
15 verbose install gulp is installed as 3.9.0
16 silly cache add args [ 'gulp', null ]
17 verbose cache add spec gulp
18 silly cache add args [ 'browser­sync', null ]
19 verbose cache add spec browser­sync
20 silly cache add parsed spec Result {
20 silly cache add   raw: '­­save­dev',
20 silly cache add   scope: null,
20 silly cache add   name: null,
20 silly cache add   rawSpec: '­­save­dev',
20 silly cache add   spec: 'F:\\webdir\\dz1\\­­save­dev',
20 silly cache add   type: 'local' }
21 silly cache add parsed spec Result {
21 silly cache add   raw: 'gulp',
21 silly cache add   scope: null,
21 silly cache add   name: 'gulp',
21 silly cache add   rawSpec: '',
21 silly cache add   spec: '*',
21 silly cache add   type: 'range' }
22 silly addNamed gulp@*
23 verbose addNamed "*" is a valid semver range for gulp
24 silly addNameRange { name: 'gulp', range: '*', hasData: false }
25 silly mapToRegistry name gulp
26 silly mapToRegistry using default registry
27 silly mapToRegistry registry https://registry.npmjs.org/
28 silly mapToRegistry uri https://registry.npmjs.org/gulp
29 verbose addNameRange registry:https://registry.npmjs.org/gulp not in flight; fetching
30 silly cache add parsed spec Result {
30 silly cache add   raw: 'browser­sync',
30 silly cache add   scope: null,
30 silly cache add   name: null,
30 silly cache add   rawSpec: 'browser­sync',
30 silly cache add   spec: 'F:\\webdir\\dz1\\browser­sync',
30 silly cache add   type: 'local' }
31 error addLocal Could not install F:\webdir\dz1\­­save­dev
32 error addLocal Could not install F:\webdir\dz1\browser­sync
33 verbose request uri https://registry.npmjs.org/gulp
34 verbose request no auth needed
35 info attempt registry request try #1 at 18:38:34
36 verbose request id 101c5ed303d58f56
37 verbose etag "4Q1LRG2JA1EEK6BBX8TT6J1HM"
38 http request GET https://registry.npmjs.org/gulp
39 http 304 https://registry.npmjs.org/gulp
40 silly get cb [ 304,
40 silly get   { date: 'Fri, 25 Sep 2015 15:39:06 GMT',
40 silly get     via: '1.1 varnish',
40 silly get     'cache-control': 'max-age=60',
40 silly get     etag: '"4Q1LRG2JA1EEK6BBX8TT6J1HM"',
40 silly get     age: '24',
40 silly get     connection: 'keep-alive',
40 silly get     'x-served-by': 'cache-fra1228-FRA',
40 silly get     'x-cache': 'HIT',
40 silly get     'x-cache-hits': '1',
40 silly get     'x-timer': 'S1443195546.260164,VS0,VE0',
40 silly get     vary: 'Accept' } ]
41 verbose etag https://registry.npmjs.org/gulp from cache
42 verbose get saving gulp to C:\Users\1\AppData\Roaming\npm-cache\registry.npmjs.org\gulp\.cache.json
43 silly addNameRange number 2 { name: 'gulp', range: '*', hasData: true }
44 silly addNameRange versions [ 'gulp',
44 silly addNameRange   [ '0.0.1',
44 silly addNameRange     '0.0.2',
44 silly addNameRange     '0.0.3',
44 silly addNameRange     '0.0.4',
44 silly addNameRange     '0.0.5',
44 silly addNameRange     '0.0.7',
44 silly addNameRange     '0.0.8',
44 silly addNameRange     '0.0.9',
44 silly addNameRange     '0.1.0',
44 silly addNameRange     '0.2.0',
44 silly addNameRange     '1.0.0',
44 silly addNameRange     '1.1.0',
44 silly addNameRange     '1.2.0',
44 silly addNameRange     '1.2.1',
44 silly addNameRange     '2.0.0',
44 silly addNameRange     '2.0.1',
44 silly addNameRange     '2.1.0',
44 silly addNameRange     '2.2.0',
44 silly addNameRange     '2.3.0',
44 silly addNameRange     '2.4.0',
44 silly addNameRange     '2.4.1',
44 silly addNameRange     '2.6.0',
44 silly addNameRange     '2.6.1',
44 silly addNameRange     '2.7.0',
44 silly addNameRange     '3.0.0',
44 silly addNameRange     '3.1.1',
44 silly addNameRange     '3.1.2',
44 silly addNameRange     '3.1.3',
44 silly addNameRange     '3.1.4',
44 silly addNameRange     '3.2.0',
44 silly addNameRange     '3.2.1',
44 silly addNameRange     '3.2.2',
44 silly addNameRange     '3.2.3',
44 silly addNameRange     '3.2.4',
44 silly addNameRange     '3.2.5',
44 silly addNameRange     '3.3.0',
44 silly addNameRange     '3.3.1',
44 silly addNameRange     '3.3.2',
44 silly addNameRange     '3.3.4',
44 silly addNameRange     '3.4.0',
44 silly addNameRange     '3.5.0',
44 silly addNameRange     '3.5.1',
44 silly addNameRange     '3.5.2',
44 silly addNameRange     '3.5.5',
44 silly addNameRange     '3.5.6',
44 silly addNameRange     '3.6.0',
44 silly addNameRange     '3.6.1',
44 silly addNameRange     '3.6.2',
44 silly addNameRange     '3.7.0',
44 silly addNameRange     '3.8.0',
44 silly addNameRange     '3.8.1',
44 silly addNameRange     '3.8.2',
44 silly addNameRange     '3.8.3',
44 silly addNameRange     '3.8.4',
44 silly addNameRange     '3.8.5',
44 silly addNameRange     '3.8.6',
44 silly addNameRange     '3.8.7',
44 silly addNameRange     '3.8.8',
44 silly addNameRange     '3.8.9',
44 silly addNameRange     '3.8.10',
44 silly addNameRange     '3.8.11',
44 silly addNameRange     '3.9.0' ] ]
45 silly addNamed gulp@3.9.0
46 verbose addNamed "3.9.0" is a plain semver version for gulp
47 silly cache afterAdd gulp@3.9.0
48 verbose afterAdd C:\Users\1\AppData\Roaming\npm-cache\gulp\3.9.0\package\package.json not in flight; writing
49 verbose afterAdd C:\Users\1\AppData\Roaming\npm-cache\gulp\3.9.0\package\package.json written
50 verbose stack Error: ENOENT: no such file or directory, open 'F:\webdir\dz1\­­save­dev'
50 verbose stack     at Error (native)
51 verbose cwd F:\webdir\dz1
52 error Windows_NT 6.1.7601
53 error argv "C:\\Program Files\\nodejs\\node.exe" "C:\\Program Files\\nodejs\\node_modules\\npm\\bin\\npm-cli.js" "i" "­­save­dev" "gulp" "browser­sync"
54 error node v4.1.1
55 error npm  v2.14.4
56 error path F:\webdir\dz1\­­save­dev
57 error code ENOENT
58 error errno -4058
59 error syscall open
60 error enoent ENOENT: no such file or directory, open 'F:\webdir\dz1\­­save­dev'
60 error enoent This is most likely not a problem with npm itself
60 error enoent and is related to npm not being able to find a file.
61 verbose exit [ -4058, true ]
